<?xml version="1.0" encoding="UTF-8"?>
<!-- Generated by org.testng.reporters.JUnitXMLReporter -->
<testsuite ignored="1" hostname="LAPTOP-NPNMP9LL" failures="2" tests="5" name="Test" time="66.257" errors="0" timestamp="2026-05-16T16:58:33 IST">
  <testcase classname="tests.FailedTest" name="FailTest" time="0.049">
    <skipped/>
  </testcase> <!-- FailTest -->
  <testcase classname="tests.FailedTest" name="FailTest" time="0.004">
    <skipped/>
  </testcase> <!-- FailTest -->
  <testcase classname="tests.FailedTest" name="FailTest" time="0.002">
    <skipped/>
  </testcase> <!-- FailTest -->
  <testcase classname="tests.FailedTest" name="FailTest" time="0.002">
    <failure type="java.lang.AssertionError" message="The following asserts failed:
	expected [true] but found [false]">
      <![CDATA[java.lang.AssertionError: The following asserts failed:
expected [true] but found [false]
at tests.FailedTest.FailTest(FailedTest.java:15)
at java.base/java.util.ArrayList.forEach(ArrayList.java:1511)
... Removed 29 stack frames]]>
    </failure>
  </testcase> <!-- FailTest -->
  <testcase classname="tests.LoginTest" name="loginUser" time="0.006">
    <failure type="java.lang.NullPointerException" message="Cannot invoke &amp;quot;org.openqa.selenium.WebDriver.findElement(org.openqa.selenium.By)&amp;quot; because &amp;quot;this.driver&amp;quot; is null">
      <![CDATA[java.lang.NullPointerException: Cannot invoke "org.openqa.selenium.WebDriver.findElement(org.openqa.selenium.By)" because "this.driver" is null
at pages.LoginPage.login(LoginPage.java:16)
at tests.LoginTest.loginUser(LoginTest.java:16)
at java.base/java.util.ArrayList.forEach(ArrayList.java:1511)
... Removed 27 stack frames]]>
    </failure>
  </testcase> <!-- loginUser -->
  <testcase classname="tests.SkipTest" name="skippedTest" time="0.0">
    <ignored/>
  </testcase> <!-- skippedTest -->
</testsuite> <!-- Test -->
